<?xml version="1.0" encoding="UTF-8"?>
<!-- Generated by org.testng.reporters.JUnitReportReporter -->
<testsuite skipped="0" hostname="HDC3-L-6012P1F" name="step_definitions.Searchkeywordaction" tests="1" failures="0" timestamp="03 Jul 2017 18:54:23 GMT" time="23.235" errors="0">
  <testcase name="Searchkeywordingoogle" time="23.235" classname="step_definitions.Searchkeywordaction"/>
</testsuite> <!-- step_definitions.Searchkeywordaction -->
